<?xml version="1.0" encoding="UTF-8"?>
<testsuite name="Cucumber" time="50.191" tests="1" skipped="0" failures="0" errors="0">
<testcase classname="feature to test automation skills" name="Validate simple navigation to the provided url" time="49.92">
<system-out><![CDATA[
Given browser is open and launch the url provided...........................passed
When user log-in his credentials, username and password.....................passed
And user click submit a new application.....................................passed
And user fill-out the forms.................................................passed
And user click the next button..............................................passed
And user verify if all the inputted values displayed in the summary screen..passed
And user click validate and send button.....................................passed
Then user is redirected to thank you page...................................passed
]]></system-out>
</testcase>
</testsuite>
